  Bullet.cpp
c:\users\carlo\desktop\tank-master\tank\platform.h(3): fatal error C1083: Cannot open include file: 'SDL.h': No such file or directory
  Configuration.cpp
c:\users\carlo\desktop\tank-master\tank\platform.h(3): fatal error C1083: Cannot open include file: 'SDL.h': No such file or directory
  Game.cpp
c:\users\carlo\desktop\tank-master\tank\platform.h(3): fatal error C1083: Cannot open include file: 'SDL.h': No such file or directory
  GameOnject.cpp
c:\users\carlo\desktop\tank-master\tank\platform.h(3): fatal error C1083: Cannot open include file: 'SDL.h': No such file or directory
  GameStateManager.cpp
c:\users\carlo\desktop\tank-master\tank\platform.h(3): fatal error C1083: Cannot open include file: 'SDL.h': No such file or directory
  HeavyTank.cpp
c:\users\carlo\desktop\tank-master\tank\image.h(2): fatal error C1083: Cannot open include file: 'SDL.h': No such file or directory
  Image.cpp
c:\users\carlo\desktop\tank-master\tank\image.h(2): fatal error C1083: Cannot open include file: 'SDL.h': No such file or directory
  main.cpp
c:\users\carlo\desktop\tank-master\tank\main.cpp(1): fatal error C1083: Cannot open include file: 'SDL.h': No such file or directory
  Map.cpp
c:\users\carlo\desktop\tank-master\tank\platform.h(3): fatal error C1083: Cannot open include file: 'SDL.h': No such file or directory
  Menu.cpp
c:\users\carlo\desktop\tank-master\tank\platform.h(3): fatal error C1083: Cannot open include file: 'SDL.h': No such file or directory
  Platform.cpp
c:\users\carlo\desktop\tank-master\tank\platform.h(3): fatal error C1083: Cannot open include file: 'SDL.h': No such file or directory
  Tank.cpp
c:\users\carlo\desktop\tank-master\tank\platform.h(3): fatal error C1083: Cannot open include file: 'SDL.h': No such file or directory
  Tile.cpp
c:\users\carlo\desktop\tank-master\tank\platform.h(3): fatal error C1083: Cannot open include file: 'SDL.h': No such file or directory
  Generating Code...
